C:\USERS\TYLER\DOCUMENTS\DOCUMENTS\HOMEWORK2\SDES\SDES\DEBUG\VC110.PDB
C:\USERS\TYLER\DOCUMENTS\DOCUMENTS\HOMEWORK2\SDES\SDES\DEBUG\MAIN.OBJ
C:\USERS\TYLER\DOCUMENTS\DOCUMENTS\HOMEWORK2\SDES\DEBUG\SDES.ILK
C:\USERS\TYLER\DOCUMENTS\DOCUMENTS\HOMEWORK2\SDES\DEBUG\SDES.EXE
C:\USERS\TYLER\DOCUMENTS\DOCUMENTS\HOMEWORK2\SDES\DEBUG\SDES.PDB
C:\Users\Tyler\Documents\Documents\Homework2\SDES\SDES\Debug\main.obj
C:\Users\Tyler\Documents\Documents\Homework2\SDES\SDES\Debug\cl.command.1.tlog
C:\Users\Tyler\Documents\Documents\Homework2\SDES\SDES\Debug\CL.read.1.tlog
C:\Users\Tyler\Documents\Documents\Homework2\SDES\SDES\Debug\CL.write.1.tlog
C:\Users\Tyler\Documents\Documents\Homework2\SDES\SDES\Debug\link-cvtres.read.1.tlog
C:\Users\Tyler\Documents\Documents\Homework2\SDES\SDES\Debug\link-cvtres.write.1.tlog
C:\Users\Tyler\Documents\Documents\Homework2\SDES\SDES\Debug\link-rc.read.1.tlog
C:\Users\Tyler\Documents\Documents\Homework2\SDES\SDES\Debug\link-rc.write.1.tlog
C:\Users\Tyler\Documents\Documents\Homework2\SDES\SDES\Debug\link.command.1.tlog
C:\Users\Tyler\Documents\Documents\Homework2\SDES\SDES\Debug\link.read.1.tlog
C:\Users\Tyler\Documents\Documents\Homework2\SDES\SDES\Debug\link.write.1.tlog
C:\Users\Tyler\Documents\Documents\Homework2\SDES\SDES\Debug\vc110.idb
C:\Users\Tyler\Documents\Documents\Homework2\SDES\SDES\Debug\vc110.pdb
C:\Users\Tyler\Documents\Documents\Homework2\SDES\Debug\SDES.pdb
C:\Users\Tyler\Documents\Documents\Homework2\SDES\Debug\SDES.exe
C:\Users\Tyler\Documents\Documents\Homework2\SDES\Debug\SDES.ilk
